Started GET "/welcome/about" for ::1 at 2019-11-05 10:45:32 +0000
  
ActionController::RoutingError (No route matches [GET] "/welcome/about"):
  
actionpack (5.2.3) lib/action_dispatch/middleware/debug_exceptions.rb:65:in `call'
web-console (3.7.0) lib/web_console/middleware.rb:135:in `call_app'
web-console (3.7.0) lib/web_console/middleware.rb:30:in `block in call'
web-console (3.7.0) lib/web_console/middleware.rb:20:in `catch'
web-console (3.7.0) lib/web_console/middleware.rb:20:in `call'
actionpack (5.2.3) lib/action_dispatch/middleware/show_exceptions.rb:33:in `call'
railties (5.2.3) lib/rails/rack/logger.rb:38:in `call_app'
railties (5.2.3) lib/rails/rack/logger.rb:26:in `block in call'
activesupport (5.2.3) lib/active_support/tagged_logging.rb:71:in `block in tagged'
activesupport (5.2.3) lib/active_support/tagged_logging.rb:28:in `tagged'
activesupport (5.2.3) lib/active_support/tagged_logging.rb:71:in `tagged'
railties (5.2.3) lib/rails/rack/logger.rb:26:in `call'
sprockets-rails (3.2.1) lib/sprockets/rails/quiet_assets.rb:13:in `call'
actionpack (5.2.3) lib/action_dispatch/middleware/remote_ip.rb:81:in `call'
actionpack (5.2.3) lib/action_dispatch/middleware/request_id.rb:27:in `call'
rack (2.0.7) lib/rack/method_override.rb:22:in `call'
rack (2.0.7) lib/rack/runtime.rb:22:in `call'
activesupport (5.2.3) lib/active_support/cache/strategy/local_cache_middleware.rb:29:in `call'
actionpack (5.2.3) lib/action_dispatch/middleware/executor.rb:14:in `call'
actionpack (5.2.3) lib/action_dispatch/middleware/static.rb:127:in `call'
rack (2.0.7) lib/rack/sendfile.rb:111:in `call'
railties (5.2.3) lib/rails/engine.rb:524:in `call'
puma (3.12.1) lib/puma/configuration.rb:227:in `call'
puma (3.12.1) lib/puma/server.rb:660:in `handle_request'
puma (3.12.1) lib/puma/server.rb:474:in `process_client'
puma (3.12.1) lib/puma/server.rb:334:in `block in run'
puma (3.12.1) lib/puma/thread_pool.rb:135:in `block in spawn_thread'
Started GET "/welcome/about" for ::1 at 2019-11-05 11:03:19 +0000
  
ActionController::RoutingError (No route matches [GET] "/welcome/about"):
  
actionpack (5.2.3) lib/action_dispatch/middleware/debug_exceptions.rb:65:in `call'
web-console (3.7.0) lib/web_console/middleware.rb:135:in `call_app'
web-console (3.7.0) lib/web_console/middleware.rb:30:in `block in call'
web-console (3.7.0) lib/web_console/middleware.rb:20:in `catch'
web-console (3.7.0) lib/web_console/middleware.rb:20:in `call'
actionpack (5.2.3) lib/action_dispatch/middleware/show_exceptions.rb:33:in `call'
railties (5.2.3) lib/rails/rack/logger.rb:38:in `call_app'
railties (5.2.3) lib/rails/rack/logger.rb:26:in `block in call'
activesupport (5.2.3) lib/active_support/tagged_logging.rb:71:in `block in tagged'
activesupport (5.2.3) lib/active_support/tagged_logging.rb:28:in `tagged'
activesupport (5.2.3) lib/active_support/tagged_logging.rb:71:in `tagged'
railties (5.2.3) lib/rails/rack/logger.rb:26:in `call'
sprockets-rails (3.2.1) lib/sprockets/rails/quiet_assets.rb:13:in `call'
actionpack (5.2.3) lib/action_dispatch/middleware/remote_ip.rb:81:in `call'
actionpack (5.2.3) lib/action_dispatch/middleware/request_id.rb:27:in `call'
rack (2.0.7) lib/rack/method_override.rb:22:in `call'
rack (2.0.7) lib/rack/runtime.rb:22:in `call'
activesupport (5.2.3) lib/active_support/cache/strategy/local_cache_middleware.rb:29:in `call'
actionpack (5.2.3) lib/action_dispatch/middleware/executor.rb:14:in `call'
actionpack (5.2.3) lib/action_dispatch/middleware/static.rb:127:in `call'
rack (2.0.7) lib/rack/sendfile.rb:111:in `call'
railties (5.2.3) lib/rails/engine.rb:524:in `call'
puma (3.12.1) lib/puma/configuration.rb:227:in `call'
puma (3.12.1) lib/puma/server.rb:660:in `handle_request'
puma (3.12.1) lib/puma/server.rb:474:in `process_client'
puma (3.12.1) lib/puma/server.rb:334:in `block in run'
puma (3.12.1) lib/puma/thread_pool.rb:135:in `block in spawn_thread'
Started GET "/pages/about" for ::1 at 2019-11-05 11:03:26 +0000
Processing by PagesController#about as HTML
  Rendering pages/about.html.erb within layouts/application
  Rendered pages/about.html.erb within layouts/application (0.5ms)
Completed 200 OK in 341ms (Views: 339.9ms | ActiveRecord: 0.0ms)


Started GET "/pages/home" for ::1 at 2019-11-05 11:03:29 +0000
Processing by PagesController#home as HTML
  Rendering pages/home.html.erb within layouts/application
  Rendered pages/home.html.erb within layouts/application (0.5ms)
Completed 200 OK in 15ms (Views: 14.1ms | ActiveRecord: 0.0ms)


Started GET "/" for ::1 at 2019-11-05 11:20:42 +0000
Processing by PagesController#home as HTML
  Rendering pages/home.html.erb within layouts/application
  Rendered pages/home.html.erb within layouts/application (0.5ms)
Completed 200 OK in 18ms (Views: 16.9ms | ActiveRecord: 0.0ms)


Started GET "/pages/about" for ::1 at 2019-11-05 11:20:50 +0000
Processing by PagesController#about as HTML
  Rendering pages/about.html.erb within layouts/application
  Rendered pages/about.html.erb within layouts/application (225.5ms)
Completed 500 Internal Server Error in 229ms (ActiveRecord: 0.0ms)


  
ActionView::Template::Error (undefined local variable or method `pages_home_path' for #<#<Class:0x00007f8b13f0ebc8>:0x00007f8b23d4af20>
Did you mean?  pages_about_path):
    1: <h1>The about page</h1>
    2: 
    3: <%= link_to 'Home', pages_home_path %>
  
app/views/pages/about.html.erb:3:in `_app_views_pages_about_html_erb___285979398362299175_70117789162400'
Started GET "/about" for ::1 at 2019-11-05 11:21:06 +0000
Processing by PagesController#about as HTML
  Rendering pages/about.html.erb within layouts/application
  Rendered pages/about.html.erb within layouts/application (277.2ms)
Completed 500 Internal Server Error in 281ms (ActiveRecord: 0.0ms)


  
ActionView::Template::Error (undefined local variable or method `pages_home_path' for #<#<Class:0x00007f8ae5bdc578>:0x00007f8ae5beec78>):
    1: <h1>The about page</h1>
    2: 
    3: <%= link_to 'Home', pages_home_path %>
  
app/views/pages/about.html.erb:3:in `_app_views_pages_about_html_erb___285979398362299175_70117268317800'
Started GET "/about" for ::1 at 2019-11-05 11:21:12 +0000
Processing by PagesController#about as HTML
  Rendering pages/about.html.erb within layouts/application
  Rendered pages/about.html.erb within layouts/application (188.1ms)
Completed 500 Internal Server Error in 191ms (ActiveRecord: 0.0ms)


  
ActionView::Template::Error (undefined local variable or method `pages_home_path' for #<#<Class:0x00007f8ae5bdc578>:0x00007f8b13f35de0>):
    1: <h1>The about page</h1>
    2: 
    3: <%= link_to 'Home', pages_home_path %>
  
app/views/pages/about.html.erb:3:in `_app_views_pages_about_html_erb___285979398362299175_70117655950080'
Started GET "/about" for ::1 at 2019-11-05 11:21:25 +0000
Processing by PagesController#about as HTML
  Rendering pages/about.html.erb within layouts/application
  Rendered pages/about.html.erb within layouts/application (223.0ms)
Completed 500 Internal Server Error in 226ms (ActiveRecord: 0.0ms)


  
ActionView::Template::Error (undefined local variable or method `pages_home_path' for #<#<Class:0x00007f8ae5bdc578>:0x00007f8b23ca3888>):
    1: <h1>The about page</h1>
    2: 
    3: <%= link_to 'Home', pages_home_path %>
  
app/views/pages/about.html.erb:3:in `_app_views_pages_about_html_erb___285979398362299175_70117521440900'
Started GET "/about" for ::1 at 2019-11-05 11:21:52 +0000
Processing by PagesController#about as HTML
  Rendering pages/about.html.erb within layouts/application
  Rendered pages/about.html.erb within layouts/application (167.9ms)
Completed 500 Internal Server Error in 170ms (ActiveRecord: 0.0ms)


  
ActionView::Template::Error (undefined local variable or method `pages_home_path' for #<#<Class:0x00007f8ae5bdc578>:0x00007f8b2424a368>):
    1: <h1>The about page</h1>
    2: 
    3: <%= link_to 'Home', pages_home_path %>
  
app/views/pages/about.html.erb:3:in `_app_views_pages_about_html_erb___285979398362299175_70117788276480'
Started GET "/about" for ::1 at 2019-11-05 11:22:23 +0000
Processing by PagesController#about as HTML
  Rendering pages/about.html.erb within layouts/application
  Rendered pages/about.html.erb within layouts/application (0.4ms)
Completed 200 OK in 15ms (Views: 14.1ms | ActiveRecord: 0.0ms)


Started GET "/" for ::1 at 2019-11-05 11:22:25 +0000
Processing by PagesController#home as HTML
  Rendering pages/home.html.erb within layouts/application
  Rendered pages/home.html.erb within layouts/application (180.0ms)
Completed 500 Internal Server Error in 183ms (ActiveRecord: 0.0ms)


  
ActionView::Template::Error (undefined local variable or method `pages_about_path' for #<#<Class:0x00007f8ae5bdc578>:0x00007f8ae702aea8>):
    1: <h1>This is the homepage</h1>
    2: 
    3: <%= link_to 'About', pages_about_path %>
  
app/views/pages/home.html.erb:3:in `_app_views_pages_home_html_erb___1304582105097090689_70117278964580'
Started GET "/" for ::1 at 2019-11-05 11:22:42 +0000
Processing by PagesController#home as HTML
  Rendering pages/home.html.erb within layouts/application
  Rendered pages/home.html.erb within layouts/application (0.5ms)
Completed 200 OK in 15ms (Views: 13.9ms | ActiveRecord: 0.0ms)


Started GET "/about" for ::1 at 2019-11-05 11:22:45 +0000
Processing by PagesController#about as HTML
  Rendering pages/about.html.erb within layouts/application
  Rendered pages/about.html.erb within layouts/application (0.7ms)
Completed 200 OK in 18ms (Views: 16.9ms | ActiveRecord: 0.0ms)


Started GET "/" for ::1 at 2019-11-05 11:22:46 +0000
Processing by PagesController#home as HTML
  Rendering pages/home.html.erb within layouts/application
  Rendered pages/home.html.erb within layouts/application (0.8ms)
Completed 200 OK in 19ms (Views: 18.0ms | ActiveRecord: 0.0ms)


Started GET "/about" for ::1 at 2019-11-05 11:22:47 +0000
Processing by PagesController#about as HTML
  Rendering pages/about.html.erb within layouts/application
  Rendered pages/about.html.erb within layouts/application (0.5ms)
Completed 200 OK in 38ms (Views: 36.3ms | ActiveRecord: 0.0ms)


Started GET "/" for ::1 at 2019-11-05 11:22:47 +0000
Processing by PagesController#home as HTML
  Rendering pages/home.html.erb within layouts/application
  Rendered pages/home.html.erb within layouts/application (0.4ms)
Completed 200 OK in 16ms (Views: 14.3ms | ActiveRecord: 0.0ms)


